SF:lib/app/models/user.dart
DA:9,2
DA:11,1
DA:12,2
DA:13,2
DA:16,1
DA:17,3
LF:6
LH:6
end_of_record
SF:lib/app/services/clerk_service.dart
DA:11,4
DA:13,2
DA:16,1
DA:19,1
DA:20,0
DA:22,2
DA:28,1
DA:31,1
DA:32,0
DA:33,0
DA:35,2
DA:40,1
DA:43,1
DA:44,0
DA:45,0
DA:47,2
DA:52,1
DA:53,1
LF:18
LH:13
end_of_record
SF:lib/app/controllers/home_controller.dart
DA:5,1
DA:6,2
DA:9,1
DA:10,2
DA:13,1
DA:14,2
DA:17,1
DA:18,2
DA:21,1
DA:22,2
LF:10
LH:10
end_of_record
SF:lib/app/controllers/controller.dart
DA:6,1
LF:1
LH:1
end_of_record
